<?xml version="1.0" encoding="utf-8"?><testsuites name="pytest tests"><testsuite name="pytest" errors="0" failures="0" skipped="0" tests="18" time="33.536" timestamp="2026-05-29T16:10:14.531001+00:00" hostname="agent-env-58286110-5b4d-4e0c-ad12-3dfd95c17e3f"><testcase classname="backend.tests.test_lindart_ai" name="test_health" time="0.246" /><testcase classname="backend.tests.test_lindart_ai" name="test_generate_voice_ok" time="2.046" /><testcase classname="backend.tests.test_lindart_ai" name="test_generate_voice_empty_text" time="0.062" /><testcase classname="backend.tests.test_lindart_ai" name="test_generate_image_ok" time="18.750" /><testcase classname="backend.tests.test_lindart_ai" name="test_generate_video_job_starts" time="3.134" /><testcase classname="backend.tests.test_lindart_ai" name="test_video_status_unknown_job" time="0.086" /><testcase classname="backend.tests.test_lindart_ai" name="test_generate_palette_claude" time="3.791" /><testcase classname="backend.tests.test_lindart_ai" name="test_palettes_list" time="0.074" /><testcase classname="backend.tests.test_lindart_api.TestHealth" name="test_root_status" time="0.185" /><testcase classname="backend.tests.test_lindart_api.TestPaletteCRUD" name="test_create_palette" time="0.061" /><testcase classname="backend.tests.test_lindart_api.TestPaletteCRUD" name="test_list_palettes" time="0.052" /><testcase classname="backend.tests.test_lindart_api.TestPaletteCRUD" name="test_filter_favorites_excludes_non_favorite" time="0.063" /><testcase classname="backend.tests.test_lindart_api.TestPaletteCRUD" name="test_patch_palette_favorite_and_tags" time="0.053" /><testcase classname="backend.tests.test_lindart_api.TestPaletteCRUD" name="test_filter_favorites_includes_updated" time="0.057" /><testcase classname="backend.tests.test_lindart_api.TestPaletteCRUD" name="test_patch_invalid_id_returns_404" time="0.058" /><testcase classname="backend.tests.test_lindart_api.TestPaletteCRUD" name="test_get_invalid_id_via_delete_404" time="0.054" /><testcase classname="backend.tests.test_lindart_api.TestPaletteCRUD" name="test_delete_palette" time="0.103" /><testcase classname="backend.tests.test_lindart_api.TestAIPaletteGeneration" name="test_generate_palette_pt_br" time="4.466" /></testsuite></testsuites>