<?xml version="1.0" encoding="utf-8"?><testsuites name="pytest tests"><testsuite name="pytest" errors="0" failures="0" skipped="0" tests="23" time="67.177" timestamp="2026-05-30T19:15:56.823920+00:00" hostname="agent-env-58286110-5b4d-4e0c-ad12-3dfd95c17e3f"><testcase classname="tests.test_p2_ai_refactor.TestSmoke" name="test_root" time="0.133" /><testcase classname="tests.test_p2_ai_refactor.TestSmoke" name="test_palettes_list" time="0.053" /><testcase classname="tests.test_p2_ai_refactor.TestSmoke" name="test_no_duplicate_routes" time="2.055" /><testcase classname="tests.test_p2_ai_refactor.TestDnaShare" name="test_create_and_get" time="0.107" /><testcase classname="tests.test_p2_ai_refactor.TestDnaShare" name="test_invalid_payload" time="0.048" /><testcase classname="tests.test_p2_ai_refactor.TestDnaShare" name="test_get_404" time="0.050" /><testcase classname="tests.test_p2_ai_refactor.TestAIRoutes" name="test_generate_palette" time="5.790" /><testcase classname="tests.test_p2_ai_refactor.TestAIRoutes" name="test_generate_palette_missing_body" time="0.056" /><testcase classname="tests.test_p2_ai_refactor.TestAIRoutes" name="test_generate_voice" time="2.012" /><testcase classname="tests.test_p2_ai_refactor.TestAIRoutes" name="test_transcribe_missing_audio" time="0.139" /><testcase classname="tests.test_p2_ai_refactor.TestAIRoutes" name="test_generate_image" time="10.491" /><testcase classname="tests.test_p2_ai_refactor.TestAIRoutes" name="test_generate_caption" time="0.051" /><testcase classname="tests.test_p2_ai_refactor.TestAIRoutes" name="test_luxury_score_heuristic" time="4.714" /><testcase classname="tests.test_p2_ai_refactor.TestAIRoutes" name="test_luxury_score_empty_colors" time="0.049" /><testcase classname="tests.test_p2_ai_refactor.TestAIRoutes" name="test_visual_dna" time="7.744" /><testcase classname="tests.test_p2_ai_refactor.TestAIRoutes" name="test_mentora" time="2.137" /><testcase classname="tests.test_p2_ai_refactor.TestAIRoutes" name="test_mentora_missing_body" time="0.052" /><testcase classname="tests.test_p2_ai_refactor.TestAIRoutes" name="test_trends" time="13.292" /><testcase classname="tests.test_p2_ai_refactor.TestAIRoutes" name="test_collection" time="17.913" /><testcase classname="tests.test_p2_ai_refactor.TestOtherRouters" name="test_feed_route_exists" time="0.055" /><testcase classname="tests.test_p2_ai_refactor.TestOtherRouters" name="test_marketplace_route_exists" time="0.057" /><testcase classname="tests.test_p2_ai_refactor.TestOtherRouters" name="test_challenges_route_exists" time="0.051" /><testcase classname="tests.test_p2_ai_refactor.TestOtherRouters" name="test_auth_route_exists" time="0.053" /></testsuite></testsuites>