<?xml version="1.0" encoding="utf-8"?><testsuites name="pytest tests"><testsuite name="pytest" errors="0" failures="0" skipped="0" tests="8" time="0.678" timestamp="2026-05-30T21:49:48.928802+00:00" hostname="agent-env-58286110-5b4d-4e0c-ad12-3dfd95c17e3f"><testcase classname="backend.tests.test_og_feed.TestFeedOgHtmlRealPost" name="test_status_200" time="0.240" /><testcase classname="backend.tests.test_og_feed.TestFeedOgHtmlRealPost" name="test_html_has_og_tags" time="0.050" /><testcase classname="backend.tests.test_og_feed.TestFeedOgHtmlRealPost" name="test_og_image_absolute_to_same_post_svg" time="0.052" /><testcase classname="backend.tests.test_og_feed.TestFeedOgHtmlRealPost" name="test_og_url_points_to_feed_post_anchor" time="0.050" /><testcase classname="backend.tests.test_og_feed.TestFeedOgHtmlNotFound" name="test_status_404_html" time="0.049" /><testcase classname="backend.tests.test_og_feed.TestFeedOgSvgRealPost" name="test_status_200_and_content_type" time="0.056" /><testcase classname="backend.tests.test_og_feed.TestFeedOgSvgRealPost" name="test_svg_well_formed" time="0.058" /><testcase classname="backend.tests.test_og_feed.TestFeedOgSvgFallback" name="test_status_200_default_palette" time="0.050" /></testsuite></testsuites>