<?xml version="1.0" encoding="utf-8"?><testsuites name="pytest tests"><testsuite name="pytest" errors="0" failures="0" skipped="0" tests="7" time="1.586" timestamp="2026-05-30T16:15:11.422690+00:00" hostname="agent-env-58286110-5b4d-4e0c-ad12-3dfd95c17e3f"><testcase classname="backend.tests.test_jwt_marketplace_challenges.TestMarketplaceAuth" name="test_get_marketplace_public_with_verified_field" time="0.231" /><testcase classname="backend.tests.test_jwt_marketplace_challenges.TestMarketplaceAuth" name="test_post_marketplace_without_token_401" time="0.114" /><testcase classname="backend.tests.test_jwt_marketplace_challenges.TestMarketplaceAuth" name="test_post_marketplace_with_token_succeeds_and_sets_handle_and_verified" time="0.591" /><testcase classname="backend.tests.test_jwt_marketplace_challenges.TestChallengesAuth" name="test_get_challenges_active_returns_list" time="0.237" /><testcase classname="backend.tests.test_jwt_marketplace_challenges.TestChallengesAuth" name="test_get_challenge_detail_submissions_have_verified_field" time="0.111" /><testcase classname="backend.tests.test_jwt_marketplace_challenges.TestChallengesAuth" name="test_post_submission_without_token_401" time="0.108" /><testcase classname="backend.tests.test_jwt_marketplace_challenges.TestChallengesAuth" name="test_post_submission_with_token_succeeds" time="0.116" /></testsuite></testsuites>