<?xml version="1.0" encoding="utf-8"?><testsuites name="pytest tests"><testsuite name="pytest" errors="0" failures="0" skipped="0" tests="6" time="0.560" timestamp="2026-05-30T12:08:28.779687+00:00" hostname="agent-env-58286110-5b4d-4e0c-ad12-3dfd95c17e3f"><testcase classname="backend.tests.test_svd_og_iter18.TestSVDVideoGeneration" name="test_generate_video_returns_503_without_fal_key" time="0.164" /><testcase classname="backend.tests.test_svd_og_iter18.TestSVDVideoGeneration" name="test_video_status_not_found_returns_404" time="0.046" /><testcase classname="backend.tests.test_svd_og_iter18.TestDNAShareOGAbsoluteUrls" name="test_og_html_contains_absolute_urls" time="0.110" /><testcase classname="backend.tests.test_svd_og_iter18.TestDNAShareOGAbsoluteUrls" name="test_og_image_svg_content_type" time="0.063" /><testcase classname="backend.tests.test_svd_og_iter18.TestDNAShareOGAbsoluteUrls" name="test_og_fallback_for_unknown_share_id" time="0.051" /><testcase classname="backend.tests.test_svd_og_iter18.TestFeed" name="test_feed_returns_200" time="0.049" /></testsuite></testsuites>