<?xml version="1.0" encoding="utf-8"?><testsuites name="pytest tests"><testsuite name="pytest" errors="0" failures="0" skipped="0" tests="11" time="1.441" timestamp="2026-05-30T20:48:05.341938+00:00" hostname="agent-env-58286110-5b4d-4e0c-ad12-3dfd95c17e3f"><testcase classname="backend.tests.test_p2_system_lifespan_refactor.TestSystemRouter" name="test_root_health" time="0.183" /><testcase classname="backend.tests.test_p2_system_lifespan_refactor.TestSystemRouter" name="test_download_source_zip" time="0.145" /><testcase classname="backend.tests.test_p2_system_lifespan_refactor.TestChallengesNoShadowing" name="test_list_challenges_has_status_and_count" time="0.052" /><testcase classname="backend.tests.test_p2_system_lifespan_refactor.TestChallengesNoShadowing" name="test_get_challenge_detail" time="0.107" /><testcase classname="backend.tests.test_p2_system_lifespan_refactor.TestChallengesNoShadowing" name="test_get_challenge_not_found" time="0.052" /><testcase classname="backend.tests.test_p2_system_lifespan_refactor.TestCriticalRoutesSmoke" name="test_feed_list" time="0.053" /><testcase classname="backend.tests.test_p2_system_lifespan_refactor.TestCriticalRoutesSmoke" name="test_marketplace_list" time="0.056" /><testcase classname="backend.tests.test_p2_system_lifespan_refactor.TestCriticalRoutesSmoke" name="test_palettes_list" time="0.052" /><testcase classname="backend.tests.test_p2_system_lifespan_refactor.TestCriticalRoutesSmoke" name="test_og_marketplace_route_registered" time="0.104" /><testcase classname="backend.tests.test_p2_system_lifespan_refactor.TestLifespanAuthInit" name="test_admin_seed_login" time="0.291" /><testcase classname="backend.tests.test_p2_system_lifespan_refactor.TestLifespanAuthInit" name="test_register_generates_handle" time="0.277" /></testsuite></testsuites>