<?xml version="1.0" encoding="utf-8"?><testsuites name="pytest tests"><testsuite name="pytest" errors="0" failures="0" skipped="0" tests="6" time="1.102" timestamp="2026-05-29T18:28:34.251318+00:00" hostname="agent-env-58286110-5b4d-4e0c-ad12-3dfd95c17e3f"><testcase classname="backend.tests.test_dna_share.TestDnaShareCreate" name="test_create_share_with_handle" time="0.231" /><testcase classname="backend.tests.test_dna_share.TestDnaShareCreate" name="test_create_share_without_handle" time="0.195" /><testcase classname="backend.tests.test_dna_share.TestDnaShareCreate" name="test_create_share_empty_payload_rejected" time="0.138" /><testcase classname="backend.tests.test_dna_share.TestDnaShareCreate" name="test_create_share_missing_payload_rejected" time="0.145" /><testcase classname="backend.tests.test_dna_share.TestDnaShareGet" name="test_get_invalid_id_returns_404" time="0.137" /><testcase classname="backend.tests.test_dna_share.TestDnaShareGet" name="test_handle_truncation" time="0.186" /></testsuite></testsuites>