<?xml version="1.0" encoding="utf-8"?><testsuites name="pytest tests"><testsuite name="pytest" errors="0" failures="0" skipped="0" tests="8" time="6.672" timestamp="2026-05-30T23:08:49.637631+00:00" hostname="agent-env-58286110-5b4d-4e0c-ad12-3dfd95c17e3f"><testcase classname="backend.tests.test_p4_palette_versions.TestPaletteVersions" name="test_empty_versions_on_new_palette" time="0.512" /><testcase classname="backend.tests.test_p4_palette_versions.TestPaletteVersions" name="test_manual_version_create" time="0.507" /><testcase classname="backend.tests.test_p4_palette_versions.TestPaletteVersions" name="test_patch_creates_auto_snapshot" time="0.444" /><testcase classname="backend.tests.test_p4_palette_versions.TestPaletteVersions" name="test_patch_no_auto_when_unchanged_field" time="0.435" /><testcase classname="backend.tests.test_p4_palette_versions.TestPaletteVersions" name="test_restore_creates_pre_snapshot" time="0.774" /><testcase classname="backend.tests.test_p4_palette_versions.TestPaletteVersions" name="test_delete_version" time="0.634" /><testcase classname="backend.tests.test_p4_palette_versions.TestPaletteVersions" name="test_cannot_delete_last_version_pt_br" time="0.428" /><testcase classname="backend.tests.test_p4_palette_versions.TestPaletteVersions" name="test_auto_snapshot_fifo_limit_20" time="2.875" /></testsuite></testsuites>