<?xml version="1.0" encoding="utf-8"?><testsuites name="pytest tests"><testsuite name="pytest" errors="0" failures="0" skipped="0" tests="8" time="84.914" timestamp="2026-05-30T12:45:42.619283+00:00" hostname="agent-env-58286110-5b4d-4e0c-ad12-3dfd95c17e3f"><testcase classname="backend.tests.test_iter19_3d_image" name="test_generate_image_with_style[geodo]" time="11.637" /><testcase classname="backend.tests.test_iter19_3d_image" name="test_generate_image_with_style[marmore]" time="17.180" /><testcase classname="backend.tests.test_iter19_3d_image" name="test_generate_image_with_style[oceano]" time="18.928" /><testcase classname="backend.tests.test_iter19_3d_image" name="test_generate_image_with_style[galaxia]" time="25.107" /><testcase classname="backend.tests.test_iter19_3d_image" name="test_generate_image_minimal_payload" time="11.807" /><testcase classname="backend.tests.test_iter19_3d_image" name="test_list_routes_smoke[/api/feed]" time="0.066" /><testcase classname="backend.tests.test_iter19_3d_image" name="test_list_routes_smoke[/api/marketplace]" time="0.057" /><testcase classname="backend.tests.test_iter19_3d_image" name="test_list_routes_smoke[/api/challenges]" time="0.057" /></testsuite></testsuites>