<?xml version="1.0" encoding="utf-8"?><testsuites name="pytest tests"><testsuite name="pytest" errors="0" failures="0" skipped="0" tests="8" time="3.813" timestamp="2026-06-01T12:34:02.533180+00:00" hostname="agent-env-58286110-5b4d-4e0c-ad12-3dfd95c17e3f"><testcase classname="backend.tests.test_iter41_leads_svd_feed.TestLeadsNotifyMe" name="test_create_lead_first_time" time="0.216" /><testcase classname="backend.tests.test_iter41_leads_svd_feed.TestLeadsNotifyMe" name="test_duplicate_lead_returns_already_subscribed" time="0.123" /><testcase classname="backend.tests.test_iter41_leads_svd_feed.TestLeadsNotifyMe" name="test_invalid_email_returns_422" time="0.054" /><testcase classname="backend.tests.test_iter41_leads_svd_feed.TestLeadsNotifyMe" name="test_empty_name_returns_4xx" time="0.058" /><testcase classname="backend.tests.test_iter41_leads_svd_feed.TestSvdVideoPipeline" name="test_generate_video_returns_job_id_processing" time="0.053" /><testcase classname="backend.tests.test_iter41_leads_svd_feed.TestSvdVideoPipeline" name="test_video_status_resolves_to_402_balance" time="3.129" /><testcase classname="backend.tests.test_iter41_leads_svd_feed.TestPublicFeedMarketplace" name="test_feed_returns_list" time="0.054" /><testcase classname="backend.tests.test_iter41_leads_svd_feed.TestPublicFeedMarketplace" name="test_marketplace_returns_list" time="0.057" /></testsuite></testsuites>