<?xml version="1.0" encoding="utf-8"?><testsuites name="pytest tests"><testsuite name="pytest" errors="0" failures="0" skipped="0" tests="8" time="28.029" timestamp="2026-05-29T14:39:32.023426+00:00" hostname="agent-env-58286110-5b4d-4e0c-ad12-3dfd95c17e3f"><testcase classname="tests.test_lindart_ai" name="test_health" time="0.512" /><testcase classname="tests.test_lindart_ai" name="test_generate_voice_ok" time="2.112" /><testcase classname="tests.test_lindart_ai" name="test_generate_voice_empty_text" time="0.044" /><testcase classname="tests.test_lindart_ai" name="test_generate_image_ok" time="17.572" /><testcase classname="tests.test_lindart_ai" name="test_generate_video_job_starts" time="3.181" /><testcase classname="tests.test_lindart_ai" name="test_video_status_unknown_job" time="0.045" /><testcase classname="tests.test_lindart_ai" name="test_generate_palette_claude" time="4.358" /><testcase classname="tests.test_lindart_ai" name="test_palettes_list" time="0.048" /></testsuite></testsuites>