<?xml version="1.0" encoding="utf-8"?><testsuites name="pytest tests"><testsuite name="pytest" errors="0" failures="0" skipped="0" tests="5" time="0.932" timestamp="2026-05-30T11:32:58.311535+00:00" hostname="agent-env-58286110-5b4d-4e0c-ad12-3dfd95c17e3f"><testcase classname="backend.tests.test_p2_feed_marketplace_profile.TestFeed" name="test_get_feed_returns_list" time="0.304" /><testcase classname="backend.tests.test_p2_feed_marketplace_profile.TestFeed" name="test_get_feed_with_tag_filter" time="0.106" /><testcase classname="backend.tests.test_p2_feed_marketplace_profile.TestMarketplace" name="test_get_marketplace_returns_list" time="0.098" /><testcase classname="backend.tests.test_p2_feed_marketplace_profile.TestMarketplace" name="test_get_marketplace_type_filter" time="0.124" /><testcase classname="backend.tests.test_p2_feed_marketplace_profile.TestProfile" name="test_get_profile_unknown_handle" time="0.106" /></testsuite></testsuites>