<?xml version="1.0" encoding="utf-8"?><testsuites name="pytest tests"><testsuite name="pytest" errors="0" failures="0" skipped="0" tests="19" time="2.542" timestamp="2026-05-30T19:51:51.436435+00:00" hostname="agent-env-58286110-5b4d-4e0c-ad12-3dfd95c17e3f"><testcase classname="backend.tests.test_og_marketplace.TestMarketplaceOgHtml" name="test_returns_200_html_for_existing_item" time="0.219" /><testcase classname="backend.tests.test_og_marketplace.TestMarketplaceOgHtml" name="test_html_contains_required_og_tags" time="0.103" /><testcase classname="backend.tests.test_og_marketplace.TestMarketplaceOgHtml" name="test_price_meta_present_when_price_positive" time="0.124" /><testcase classname="backend.tests.test_og_marketplace.TestMarketplaceOgHtml" name="test_price_meta_omitted_when_price_none" time="0.115" /><testcase classname="backend.tests.test_og_marketplace.TestMarketplaceOgHtml" name="test_price_meta_omitted_when_price_zero" time="0.121" /><testcase classname="backend.tests.test_og_marketplace.TestMarketplaceOgHtml" name="test_404_for_missing_item" time="0.109" /><testcase classname="backend.tests.test_og_marketplace.TestMarketplaceOgSvg" name="test_svg_returns_200_with_correct_headers" time="0.122" /><testcase classname="backend.tests.test_og_marketplace.TestMarketplaceOgSvg" name="test_svg_extracts_hex_swatches_from_tags" time="0.111" /><testcase classname="backend.tests.test_og_marketplace.TestMarketplaceOgSvg" name="test_svg_fallback_palette_molde" time="0.102" /><testcase classname="backend.tests.test_og_marketplace.TestMarketplaceOgSvg" name="test_svg_fallback_palette_curso" time="0.131" /><testcase classname="backend.tests.test_og_marketplace.TestMarketplaceOgSvg" name="test_svg_fallback_palette_preset" time="0.108" /><testcase classname="backend.tests.test_og_marketplace.TestMarketplaceOgSvg" name="test_svg_fallback_palette_default_for_unknown_type" time="0.118" /><testcase classname="backend.tests.test_og_marketplace.TestMarketplaceOgSvg" name="test_svg_for_missing_item_returns_200_default_palette" time="0.123" /><testcase classname="backend.tests.test_og_marketplace.TestDnaOgRegression" name="test_dna_og_html" time="0.222" /><testcase classname="backend.tests.test_og_marketplace.TestDnaOgRegression" name="test_dna_og_svg" time="0.139" /><testcase classname="backend.tests.test_og_marketplace.TestGeneralSmoke" name="test_api_root" time="0.094" /><testcase classname="backend.tests.test_og_marketplace.TestGeneralSmoke" name="test_palettes_list" time="0.104" /><testcase classname="backend.tests.test_og_marketplace.TestGeneralSmoke" name="test_marketplace_list" time="0.114" /><testcase classname="backend.tests.test_og_marketplace.TestGeneralSmoke" name="test_auth_login_endpoint_exists" time="0.105" /></testsuite></testsuites>