<?xml version="1.0" encoding="utf-8"?><testsuites name="pytest tests"><testsuite name="pytest" errors="0" failures="0" skipped="0" tests="6" time="36.026" timestamp="2026-05-29T17:14:56.161344+00:00" hostname="agent-env-58286110-5b4d-4e0c-ad12-3dfd95c17e3f"><testcase classname="backend.tests.test_palette_ai_image" name="test_generate_palette_prompt_only" time="4.970" /><testcase classname="backend.tests.test_palette_ai_image" name="test_generate_palette_image_only" time="5.002" /><testcase classname="backend.tests.test_palette_ai_image" name="test_generate_palette_prompt_and_image" time="3.972" /><testcase classname="backend.tests.test_palette_ai_image" name="test_generate_palette_empty_returns_400" time="0.146" /><testcase classname="backend.tests.test_palette_ai_image" name="test_generate_palette_data_url_header_stripped" time="4.704" /><testcase classname="backend.tests.test_palette_ai_image" name="test_generate_image_with_colors_smoke" time="17.160" /></testsuite></testsuites>