<?xml version="1.0" encoding="utf-8"?><testsuites name="pytest tests"><testsuite name="pytest" errors="0" failures="0" skipped="0" tests="12" time="0.904" timestamp="2026-06-01T13:11:38.875481+00:00" hostname="agent-env-58286110-5b4d-4e0c-ad12-3dfd95c17e3f"><testcase classname="backend.tests.test_share_waitlist_iter42.TestAnalyticsShare" name="test_t1_share_full_body" time="0.196" /><testcase classname="backend.tests.test_share_waitlist_iter42.TestAnalyticsShare" name="test_t2_share_empty_body_422" time="0.053" /><testcase classname="backend.tests.test_share_waitlist_iter42.TestAnalyticsShare" name="test_t3_share_no_ref" time="0.049" /><testcase classname="backend.tests.test_share_waitlist_iter42.TestOgAliases" name="test_t4_piece_404" time="0.061" /><testcase classname="backend.tests.test_share_waitlist_iter42.TestOgAliases" name="test_t5_palette_404" time="0.055" /><testcase classname="backend.tests.test_share_waitlist_iter42.TestWaitlist" name="test_t6_create" time="0.062" /><testcase classname="backend.tests.test_share_waitlist_iter42.TestWaitlist" name="test_t7_duplicate" time="0.050" /><testcase classname="backend.tests.test_share_waitlist_iter42.TestWaitlist" name="test_t8_invalid_categoria_normalizes" time="0.059" /><testcase classname="backend.tests.test_share_waitlist_iter42.TestWaitlist" name="test_t9_invalid_email" time="0.071" /><testcase classname="backend.tests.test_share_waitlist_iter42.TestWaitlist" name="test_t10_count_aneis" time="0.069" /><testcase classname="backend.tests.test_share_waitlist_iter42.TestWaitlist" name="test_t11_count_all" time="0.055" /><testcase classname="backend.tests.test_share_waitlist_iter42.TestWaitlist" name="test_t12_count_invalid_normalizes" time="0.047" /></testsuite></testsuites>