<?xml version="1.0" encoding="utf-8"?><testsuites name="pytest tests"><testsuite name="pytest" errors="0" failures="0" skipped="1" tests="13" time="1.020" timestamp="2026-05-30T22:26:59.809439+00:00" hostname="agent-env-58286110-5b4d-4e0c-ad12-3dfd95c17e3f"><testcase classname="backend.tests.test_og_refactor.TestProfileOG" name="test_profile_html_ok" time="0.270" /><testcase classname="backend.tests.test_og_refactor.TestProfileOG" name="test_profile_html_404" time="0.054" /><testcase classname="backend.tests.test_og_refactor.TestProfileOG" name="test_profile_svg_ok" time="0.067" /><testcase classname="backend.tests.test_og_refactor.TestProfileOG" name="test_profile_svg_inexistente" time="0.050" /><testcase classname="backend.tests.test_og_refactor.TestFeedOG" name="test_feed_html_ok" time="0.102" /><testcase classname="backend.tests.test_og_refactor.TestFeedOG" name="test_feed_html_404" time="0.047" /><testcase classname="backend.tests.test_og_refactor.TestFeedOG" name="test_feed_svg_ok" time="0.049" /><testcase classname="backend.tests.test_og_refactor.TestDnaOG" name="test_dna_html_404" time="0.050" /><testcase classname="backend.tests.test_og_refactor.TestDnaOG" name="test_dna_svg_inexistente_fallback" time="0.048" /><testcase classname="backend.tests.test_og_refactor.TestDnaOG" name="test_dna_html_ok_if_seeded" time="0.000"><skipped type="pytest.skip" message="sem endpoint listagem de dna_shares; HTML OK testado via 404 path">/app/backend/tests/test_og_refactor.py:110: sem endpoint listagem de dna_shares; HTML OK testado via 404 path</skipped></testcase><testcase classname="backend.tests.test_og_refactor.TestMarketplaceOG" name="test_market_html_404" time="0.047" /><testcase classname="backend.tests.test_og_refactor.TestMarketplaceOG" name="test_market_svg_inexistente_fallback" time="0.047" /><testcase classname="backend.tests.test_og_refactor.TestMarketplaceOG" name="test_market_html_ok_real" time="0.098" /></testsuite></testsuites>