<?xml version="1.0" encoding="utf-8"?><testsuites name="pytest tests"><testsuite name="pytest" errors="0" failures="0" skipped="0" tests="11" time="47.159" timestamp="2026-05-29T19:06:15.087456+00:00" hostname="agent-env-58286110-5b4d-4e0c-ad12-3dfd95c17e3f"><testcase classname="backend.tests.test_lindart_ai_robustness" name="test_health" time="0.269" /><testcase classname="backend.tests.test_lindart_ai_robustness" name="test_generate_palette_returns_valid_palette" time="4.896" /><testcase classname="backend.tests.test_lindart_ai_robustness" name="test_generate_caption_never_502" time="12.996" /><testcase classname="backend.tests.test_lindart_ai_robustness" name="test_generate_caption_missing_colors_400" time="0.051" /><testcase classname="backend.tests.test_lindart_ai_robustness" name="test_generate_caption_etsy_platform" time="10.829" /><testcase classname="backend.tests.test_lindart_ai_robustness" name="test_luxury_score_full_structure" time="6.149" /><testcase classname="backend.tests.test_lindart_ai_robustness" name="test_luxury_score_empty_colors_400" time="0.054" /><testcase classname="backend.tests.test_lindart_ai_robustness" name="test_visual_dna_full_structure" time="11.591" /><testcase classname="backend.tests.test_lindart_ai_robustness" name="test_visual_dna_empty_400" time="0.069" /><testcase classname="backend.tests.test_lindart_ai_robustness" name="test_dna_share_create_and_get" time="0.107" /><testcase classname="backend.tests.test_lindart_ai_robustness" name="test_dna_share_404" time="0.056" /></testsuite></testsuites>