<?xml version="1.0" encoding="utf-8"?><testsuites name="pytest tests"><testsuite name="pytest" errors="0" failures="0" skipped="0" tests="3" time="0.555" timestamp="2026-05-31T22:10:11.056508+00:00" hostname="agent-env-58286110-5b4d-4e0c-ad12-3dfd95c17e3f"><testcase classname="backend.tests.test_iter39_seed_exemplo.TestFeedSeed" name="test_feed_returns_lindart_posts_with_exemplo_tag" time="0.182" /><testcase classname="backend.tests.test_iter39_seed_exemplo.TestFeedSeed" name="test_feed_seed_idempotent_no_duplicates" time="0.151" /><testcase classname="backend.tests.test_iter39_seed_exemplo.TestMarketplaceNonRegression" name="test_marketplace_items_returns_seed" time="0.161" /></testsuite></testsuites>