<?xml version="1.0" encoding="utf-8"?><testsuites name="pytest tests"><testsuite name="pytest" errors="0" failures="0" skipped="0" tests="3" time="24.879" timestamp="2026-05-29T22:35:01.913999+00:00" hostname="agent-env-58286110-5b4d-4e0c-ad12-3dfd95c17e3f"><testcase classname="backend.tests.test_lindart_new_ai" name="test_trends_initial_refresh_true" time="11.952" /><testcase classname="backend.tests.test_lindart_new_ai" name="test_trends_cache_hit" time="0.060" /><testcase classname="backend.tests.test_lindart_new_ai" name="test_trends_focus_joalheria" time="12.782" /></testsuite></testsuites>