<?xml version="1.0" encoding="utf-8"?><testsuites name="pytest tests"><testsuite name="pytest" errors="0" failures="0" skipped="0" tests="13" time="118.281" timestamp="2026-05-29T23:01:26.839511+00:00" hostname="agent-env-58286110-5b4d-4e0c-ad12-3dfd95c17e3f"><testcase classname="backend.tests.test_lindart_new_ai" name="test_mentora_simple_message" time="11.458" /><testcase classname="backend.tests.test_lindart_new_ai" name="test_mentora_with_history" time="8.017" /><testcase classname="backend.tests.test_lindart_new_ai" name="test_mentora_empty_message_rejected" time="0.057" /><testcase classname="backend.tests.test_lindart_new_ai" name="test_trends_initial_refresh_true" time="13.794" /><testcase classname="backend.tests.test_lindart_new_ai" name="test_trends_cache_hit" time="0.061" /><testcase classname="backend.tests.test_lindart_new_ai" name="test_trends_focus_joalheria" time="12.531" /><testcase classname="backend.tests.test_lindart_new_ai" name="test_collection_default_pieces" time="23.942" /><testcase classname="backend.tests.test_lindart_new_ai" name="test_collection_custom_pieces_order" time="17.555" /><testcase classname="backend.tests.test_lindart_new_ai" name="test_collection_empty_theme_rejected" time="0.058" /><testcase classname="backend.tests.test_lindart_new_ai" name="test_generate_image_mockup_smoke" time="30.433" /><testcase classname="backend.tests.test_sora_contract" name="test_generate_video_returns_job_id" time="0.202" /><testcase classname="backend.tests.test_sora_contract" name="test_video_status_contract" time="0.051" /><testcase classname="backend.tests.test_sora_contract" name="test_video_status_unknown_job_404" time="0.049" /></testsuite></testsuites>