<?xml version="1.0" encoding="utf-8"?><testsuites name="pytest tests"><testsuite name="pytest" errors="0" failures="0" skipped="0" tests="11" time="0.886" timestamp="2026-06-01T18:03:20.601033+00:00" hostname="agent-env-58286110-5b4d-4e0c-ad12-3dfd95c17e3f"><testcase classname="backend.tests.test_iter43_p0_fixes.TestFeedMockFilter" name="test_feed_returns_200" time="0.306" /><testcase classname="backend.tests.test_iter43_p0_fixes.TestFeedMockFilter" name="test_feed_no_mock_strings" time="0.061" /><testcase classname="backend.tests.test_iter43_p0_fixes.TestFeedMockFilter" name="test_feed_no_duplicate_ids" time="0.054" /><testcase classname="backend.tests.test_iter43_p0_fixes.TestMarketplaceMockFilter" name="test_marketplace_returns_200" time="0.050" /><testcase classname="backend.tests.test_iter43_p0_fixes.TestMarketplaceMockFilter" name="test_marketplace_no_mock_strings" time="0.048" /><testcase classname="backend.tests.test_iter43_p0_fixes.TestChallengesMockFilter" name="test_challenges_returns_200" time="0.051" /><testcase classname="backend.tests.test_iter43_p0_fixes.TestChallengesMockFilter" name="test_challenges_no_mock_strings" time="0.052" /><testcase classname="backend.tests.test_iter43_p0_fixes.TestWaitlistCount" name="test_count_fundadoras_returns_200" time="0.052" /><testcase classname="backend.tests.test_iter43_p0_fixes.TestWaitlistCount" name="test_count_missing_categoria_defaults_all" time="0.051" /><testcase classname="backend.tests.test_iter43_p0_fixes.TestWaitlistCount" name="test_count_invalid_categoria_no_crash" time="0.051" /><testcase classname="backend.tests.test_iter43_p0_fixes.TestPodcastsEndpoint" name="test_podcasts_endpoint_state" time="0.047" /></testsuite></testsuites>