<?xml version="1.0" encoding="utf-8"?><testsuites name="pytest tests"><testsuite name="pytest" errors="0" failures="0" skipped="0" tests="21" time="10.427" timestamp="2026-05-30T19:26:53.887294+00:00" hostname="agent-env-58286110-5b4d-4e0c-ad12-3dfd95c17e3f"><testcase classname="tests.test_p2_palettes_refactor.TestSmoke" name="test_root_alive" time="0.123" /><testcase classname="tests.test_p2_palettes_refactor.TestSmoke" name="test_openapi_no_duplicates" time="0.027" /><testcase classname="tests.test_p2_palettes_refactor.TestSmoke" name="test_openapi_other_routers_registered" time="0.003" /><testcase classname="tests.test_p2_palettes_refactor.TestSmoke" name="test_in_process_no_duplicate_routes" time="2.048" /><testcase classname="tests.test_p2_palettes_refactor.TestPalettesCRUD" name="test_list_palettes" time="0.105" /><testcase classname="tests.test_p2_palettes_refactor.TestPalettesCRUD" name="test_list_palettes_filter_favorite" time="0.103" /><testcase classname="tests.test_p2_palettes_refactor.TestPalettesCRUD" name="test_create_palette" time="0.126" /><testcase classname="tests.test_p2_palettes_refactor.TestPalettesCRUD" name="test_patch_palette_name_favorite_tags" time="0.217" /><testcase classname="tests.test_p2_palettes_refactor.TestPalettesCRUD" name="test_patch_palette_empty_400" time="0.118" /><testcase classname="tests.test_p2_palettes_refactor.TestPalettesCRUD" name="test_patch_palette_not_found_404" time="0.117" /><testcase classname="tests.test_p2_palettes_refactor.TestPalettesCRUD" name="test_delete_palette" time="0.211" /><testcase classname="tests.test_p2_palettes_refactor.TestPalettesCRUD" name="test_delete_palette_not_found_404" time="0.230" /><testcase classname="tests.test_p2_palettes_refactor.TestDNAShare" name="test_create_dna_share_basic" time="0.111" /><testcase classname="tests.test_p2_palettes_refactor.TestDNAShare" name="test_get_dna_share" time="0.137" /><testcase classname="tests.test_p2_palettes_refactor.TestDNAShare" name="test_create_dna_share_empty_400" time="0.102" /><testcase classname="tests.test_p2_palettes_refactor.TestDNAShare" name="test_create_dna_share_too_large_413" time="0.142" /><testcase classname="tests.test_p2_palettes_refactor.TestDNAShare" name="test_get_dna_share_not_found_404" time="0.134" /><testcase classname="tests.test_p2_palettes_refactor.TestDNAShare" name="test_handle_normalization_truncation" time="0.205" /><testcase classname="tests.test_p2_palettes_refactor.TestCrossRegressions" name="test_root_still_works" time="0.110" /><testcase classname="tests.test_p2_palettes_refactor.TestCrossRegressions" name="test_download_source_zip" time="0.182" /><testcase classname="tests.test_p2_palettes_refactor.TestCrossRegressions" name="test_ai_luxury_score_sanity" time="5.777" /></testsuite></testsuites>