<?xml version="1.0" encoding="utf-8"?><testsuites name="pytest tests"><testsuite name="pytest" errors="0" failures="0" skipped="0" tests="10" time="6.962" timestamp="2026-05-26T17:43:42.867702+00:00" hostname="agent-env-58286110-5b4d-4e0c-ad12-3dfd95c17e3f"><testcase classname="backend.tests.test_lindart_api.TestHealth" name="test_root_status" time="1.663" /><testcase classname="backend.tests.test_lindart_api.TestPaletteCRUD" name="test_create_palette" time="0.059" /><testcase classname="backend.tests.test_lindart_api.TestPaletteCRUD" name="test_list_palettes" time="0.061" /><testcase classname="backend.tests.test_lindart_api.TestPaletteCRUD" name="test_filter_favorites_excludes_non_favorite" time="0.055" /><testcase classname="backend.tests.test_lindart_api.TestPaletteCRUD" name="test_patch_palette_favorite_and_tags" time="0.055" /><testcase classname="backend.tests.test_lindart_api.TestPaletteCRUD" name="test_filter_favorites_includes_updated" time="0.056" /><testcase classname="backend.tests.test_lindart_api.TestPaletteCRUD" name="test_patch_invalid_id_returns_404" time="0.056" /><testcase classname="backend.tests.test_lindart_api.TestPaletteCRUD" name="test_get_invalid_id_via_delete_404" time="0.056" /><testcase classname="backend.tests.test_lindart_api.TestPaletteCRUD" name="test_delete_palette" time="0.115" /><testcase classname="backend.tests.test_lindart_api.TestAIPaletteGeneration" name="test_generate_palette_pt_br" time="4.547" /></testsuite></testsuites>