<?xml version="1.0" encoding="utf-8"?><testsuites name="pytest tests"><testsuite name="pytest" errors="0" failures="0" skipped="1" tests="14" time="2.174" timestamp="2026-05-30T17:12:30.828122+00:00" hostname="agent-env-58286110-5b4d-4e0c-ad12-3dfd95c17e3f"><testcase classname="backend.tests.test_refactor_og_svd.TestOGRouter" name="test_og_dna_missing_returns_404_html_with_og_tags" time="0.223" /><testcase classname="backend.tests.test_refactor_og_svd.TestOGRouter" name="test_og_dna_image_svg_missing_returns_200_default_palette" time="0.123" /><testcase classname="backend.tests.test_refactor_og_svd.TestOGRouter" name="test_og_dna_end_to_end_with_real_share" time="0.385" /><testcase classname="backend.tests.test_refactor_og_svd.TestSVDVideoRouter" name="test_generate_video_without_fal_key_returns_503" time="0.106" /><testcase classname="backend.tests.test_refactor_og_svd.TestSVDVideoRouter" name="test_video_status_unknown_job_returns_404" time="0.102" /><testcase classname="backend.tests.test_refactor_og_svd.TestSVDVideoRouter" name="test_video_status_existing_job_returns_status" time="0.000"><skipped type="pytest.skip" message="FAL_KEY ausente — pula validação do job real">/app/backend/tests/test_refactor_og_svd.py:131: FAL_KEY ausente — pula validação do job real</skipped></testcase><testcase classname="backend.tests.test_refactor_og_svd.TestOnboardingWelcomeVideo" name="test_welcome_video_status_always_200" time="0.128" /><testcase classname="backend.tests.test_refactor_og_svd.TestOnboardingWelcomeVideo" name="test_generate_welcome_video_behavior" time="0.129" /><testcase classname="backend.tests.test_refactor_og_svd.TestRegressionRemainingRoutes" name="test_root_api" time="0.126" /><testcase classname="backend.tests.test_refactor_og_svd.TestRegressionRemainingRoutes" name="test_feed_posts" time="0.104" /><testcase classname="backend.tests.test_refactor_og_svd.TestRegressionRemainingRoutes" name="test_marketplace_items" time="0.108" /><testcase classname="backend.tests.test_refactor_og_svd.TestRegressionRemainingRoutes" name="test_challenges_list" time="0.108" /><testcase classname="backend.tests.test_refactor_og_svd.TestRegressionRemainingRoutes" name="test_auth_login_seeded_admin" time="0.331" /><testcase classname="backend.tests.test_refactor_og_svd.TestRegressionRemainingRoutes" name="test_generate_caption_endpoint_exists" time="0.107" /></testsuite></testsuites>